sample/build/intermediates/manifest_merge_blame_file/release/manifest-merger-blame-release-report.txt
1<?xml version="1.0" encoding="utf-8"?>
2<manifest xmlns:android="http://schemas.android.com/apk/res/android"
3    package="io.appcheck.app"
4    android:versionCode="1"
5    android:versionName="1.0" >
6
7    <uses-sdk
8        android:minSdkVersion="21"
8-->src/main/AndroidManifest.xml
9        android:targetSdkVersion="33" />
9-->src/main/AndroidManifest.xml
10
11    <uses-permission android:name="android.permission.INTERNET" />
11-->[com.google.firebase:firebase-crashlytics:18.3.7] AndroidManifest.xml:9:5-67
11-->[com.google.firebase:firebase-crashlytics:18.3.7] AndroidManifest.xml:9:22-64
12    <uses-permission android:name="android.permission.ACCESS_NETWORK_STATE" />
12-->[com.google.firebase:firebase-installations:17.1.3] AndroidManifest.xml:9:5-79
12-->[com.google.firebase:firebase-installations:17.1.3] AndroidManifest.xml:9:22-76
13
14    <application
14-->src/main/AndroidManifest.xml:5:5-13:32
15        android:allowBackup="true"
15-->src/main/AndroidManifest.xml:6:9-35
16        android:appComponentFactory="androidx.core.app.CoreComponentFactory"
16-->[androidx.core:core:1.8.0] AndroidManifest.xml:24:18-86
17        android:dataExtractionRules="@xml/data_extraction_rules"
17-->src/main/AndroidManifest.xml:7:9-65
18        android:fullBackupContent="@xml/backup_rules"
18-->src/main/AndroidManifest.xml:8:9-54
19        android:icon="@mipmap/ic_launcher"
19-->src/main/AndroidManifest.xml:9:9-43
20        android:label="@string/app_name"
20-->src/main/AndroidManifest.xml:10:9-41
21        android:supportsRtl="true"
21-->src/main/AndroidManifest.xml:11:9-35
22        android:theme="@style/Theme.MyApplication" >
22-->src/main/AndroidManifest.xml:12:9-51
23        <service
23-->[com.google.firebase:firebase-crashlytics-ktx:18.3.7] AndroidManifest.xml:23:9-29:19
24            android:name="com.google.firebase.components.ComponentDiscoveryService"
24-->[com.google.firebase:firebase-crashlytics-ktx:18.3.7] AndroidManifest.xml:24:13-84
25            android:directBootAware="true"
25-->[com.google.firebase:firebase-common:20.3.2] AndroidManifest.xml:34:13-43
26            android:exported="false" >
26-->[com.google.firebase:firebase-crashlytics-ktx:18.3.7] AndroidManifest.xml:25:13-37
27            <meta-data
27-->[com.google.firebase:firebase-crashlytics-ktx:18.3.7] AndroidManifest.xml:26:13-28:85
28                android:name="com.google.firebase.components:com.google.firebase.crashlytics.ktx.FirebaseCrashlyticsKtxRegistrar"
28-->[com.google.firebase:firebase-crashlytics-ktx:18.3.7] AndroidManifest.xml:27:17-130
29                android:value="com.google.firebase.components.ComponentRegistrar" />
29-->[com.google.firebase:firebase-crashlytics-ktx:18.3.7] AndroidManifest.xml:28:17-82
30            <meta-data
30-->[com.google.firebase:firebase-appcheck-ktx:17.0.0] AndroidManifest.xml:26:13-28:85
31                android:name="com.google.firebase.components:com.google.firebase.appcheck.ktx.FirebaseAppCheckKtxRegistrar"
31-->[com.google.firebase:firebase-appcheck-ktx:17.0.0] AndroidManifest.xml:27:17-124
32                android:value="com.google.firebase.components.ComponentRegistrar" />
32-->[com.google.firebase:firebase-appcheck-ktx:17.0.0] AndroidManifest.xml:28:17-82
33            <meta-data
33-->[com.google.firebase:firebase-common-ktx:20.3.2] AndroidManifest.xml:14:13-16:85
34                android:name="com.google.firebase.components:com.google.firebase.ktx.FirebaseCommonKtxRegistrar"
34-->[com.google.firebase:firebase-common-ktx:20.3.2] AndroidManifest.xml:15:17-113
35                android:value="com.google.firebase.components.ComponentRegistrar" />
35-->[com.google.firebase:firebase-common-ktx:20.3.2] AndroidManifest.xml:16:17-82
36            <meta-data
36-->[com.google.firebase:firebase-appcheck-debug:17.0.0] AndroidManifest.xml:27:13-29:85
37                android:name="com.google.firebase.components:com.google.firebase.appcheck.debug.FirebaseAppCheckDebugRegistrar"
37-->[com.google.firebase:firebase-appcheck-debug:17.0.0] AndroidManifest.xml:28:17-128
38                android:value="com.google.firebase.components.ComponentRegistrar" />
38-->[com.google.firebase:firebase-appcheck-debug:17.0.0] AndroidManifest.xml:29:17-82
39            <meta-data
39-->[com.google.firebase:firebase-appcheck-playintegrity:17.0.0] AndroidManifest.xml:27:13-29:85
40                android:name="com.google.firebase.components:com.google.firebase.appcheck.playintegrity.FirebaseAppCheckPlayIntegrityRegistrar"
40-->[com.google.firebase:firebase-appcheck-playintegrity:17.0.0] AndroidManifest.xml:28:17-144
41                android:value="com.google.firebase.components.ComponentRegistrar" />
41-->[com.google.firebase:firebase-appcheck-playintegrity:17.0.0] AndroidManifest.xml:29:17-82
42            <meta-data
42-->[com.google.firebase:firebase-appcheck:17.0.0] AndroidManifest.xml:27:13-29:85
43                android:name="com.google.firebase.components:com.google.firebase.appcheck.FirebaseAppCheckRegistrar"
43-->[com.google.firebase:firebase-appcheck:17.0.0] AndroidManifest.xml:28:17-117
44                android:value="com.google.firebase.components.ComponentRegistrar" />
44-->[com.google.firebase:firebase-appcheck:17.0.0] AndroidManifest.xml:29:17-82
45            <meta-data
45-->[com.google.firebase:firebase-crashlytics:18.3.7] AndroidManifest.xml:17:13-19:85
46                android:name="com.google.firebase.components:com.google.firebase.crashlytics.CrashlyticsRegistrar"
46-->[com.google.firebase:firebase-crashlytics:18.3.7] AndroidManifest.xml:18:17-115
47                android:value="com.google.firebase.components.ComponentRegistrar" />
47-->[com.google.firebase:firebase-crashlytics:18.3.7] AndroidManifest.xml:19:17-82
48            <meta-data
48-->[com.google.firebase:firebase-installations:17.1.3] AndroidManifest.xml:17:13-19:85
49                android:name="com.google.firebase.components:com.google.firebase.installations.FirebaseInstallationsRegistrar"
49-->[com.google.firebase:firebase-installations:17.1.3] AndroidManifest.xml:18:17-127
50                android:value="com.google.firebase.components.ComponentRegistrar" />
50-->[com.google.firebase:firebase-installations:17.1.3] AndroidManifest.xml:19:17-82
51        </service>
52
53        <activity
53-->[com.google.android.gms:play-services-base:18.0.1] AndroidManifest.xml:20:9-22:45
54            android:name="com.google.android.gms.common.api.GoogleApiActivity"
54-->[com.google.android.gms:play-services-base:18.0.1] AndroidManifest.xml:20:19-85
55            android:exported="false"
55-->[com.google.android.gms:play-services-base:18.0.1] AndroidManifest.xml:22:19-43
56            android:theme="@android:style/Theme.Translucent.NoTitleBar" />
56-->[com.google.android.gms:play-services-base:18.0.1] AndroidManifest.xml:21:19-78
57
58        <provider
58-->[com.google.firebase:firebase-common:20.3.2] AndroidManifest.xml:25:9-30:39
59            android:name="com.google.firebase.provider.FirebaseInitProvider"
59-->[com.google.firebase:firebase-common:20.3.2] AndroidManifest.xml:26:13-77
60            android:authorities="io.appcheck.app.firebaseinitprovider"
60-->[com.google.firebase:firebase-common:20.3.2] AndroidManifest.xml:27:13-72
61            android:directBootAware="true"
61-->[com.google.firebase:firebase-common:20.3.2] AndroidManifest.xml:28:13-43
62            android:exported="false"
62-->[com.google.firebase:firebase-common:20.3.2] AndroidManifest.xml:29:13-37
63            android:initOrder="100" />
63-->[com.google.firebase:firebase-common:20.3.2] AndroidManifest.xml:30:13-36
64
65        <meta-data
65-->[com.google.android.gms:play-services-basement:18.1.0] AndroidManifest.xml:21:9-23:69
66            android:name="com.google.android.gms.version"
66-->[com.google.android.gms:play-services-basement:18.1.0] AndroidManifest.xml:22:13-58
67            android:value="@integer/google_play_services_version" />
67-->[com.google.android.gms:play-services-basement:18.1.0] AndroidManifest.xml:23:13-66
68
69        <provider
69-->[androidx.emoji2:emoji2:1.2.0] AndroidManifest.xml:24:9-32:20
70            android:name="androidx.startup.InitializationProvider"
70-->[androidx.emoji2:emoji2:1.2.0] AndroidManifest.xml:25:13-67
71            android:authorities="io.appcheck.app.androidx-startup"
71-->[androidx.emoji2:emoji2:1.2.0] AndroidManifest.xml:26:13-68
72            android:exported="false" >
72-->[androidx.emoji2:emoji2:1.2.0] AndroidManifest.xml:27:13-37
73            <meta-data
73-->[androidx.emoji2:emoji2:1.2.0] AndroidManifest.xml:29:13-31:52
74                android:name="androidx.emoji2.text.EmojiCompatInitializer"
74-->[androidx.emoji2:emoji2:1.2.0] AndroidManifest.xml:30:17-75
75                android:value="androidx.startup" />
75-->[androidx.emoji2:emoji2:1.2.0] AndroidManifest.xml:31:17-49
76            <meta-data
76-->[androidx.lifecycle:lifecycle-process:2.4.1] AndroidManifest.xml:31:13-33:52
77                android:name="androidx.lifecycle.ProcessLifecycleInitializer"
77-->[androidx.lifecycle:lifecycle-process:2.4.1] AndroidManifest.xml:32:17-78
78                android:value="androidx.startup" />
78-->[androidx.lifecycle:lifecycle-process:2.4.1] AndroidManifest.xml:33:17-49
79        </provider>
80
81        <service
81-->[com.google.android.datatransport:transport-backend-cct:3.1.9] AndroidManifest.xml:28:9-34:19
82            android:name="com.google.android.datatransport.runtime.backends.TransportBackendDiscovery"
82-->[com.google.android.datatransport:transport-backend-cct:3.1.9] AndroidManifest.xml:29:13-103
83            android:exported="false" >
83-->[com.google.android.datatransport:transport-backend-cct:3.1.9] AndroidManifest.xml:30:13-37
84            <meta-data
84-->[com.google.android.datatransport:transport-backend-cct:3.1.9] AndroidManifest.xml:31:13-33:39
85                android:name="backend:com.google.android.datatransport.cct.CctBackendFactory"
85-->[com.google.android.datatransport:transport-backend-cct:3.1.9] AndroidManifest.xml:32:17-94
86                android:value="cct" />
86-->[com.google.android.datatransport:transport-backend-cct:3.1.9] AndroidManifest.xml:33:17-36
87        </service>
88        <service
88-->[com.google.android.datatransport:transport-runtime:3.1.9] AndroidManifest.xml:26:9-30:19
89            android:name="com.google.android.datatransport.runtime.scheduling.jobscheduling.JobInfoSchedulerService"
89-->[com.google.android.datatransport:transport-runtime:3.1.9] AndroidManifest.xml:27:13-117
90            android:exported="false"
90-->[com.google.android.datatransport:transport-runtime:3.1.9] AndroidManifest.xml:28:13-37
91            android:permission="android.permission.BIND_JOB_SERVICE" >
91-->[com.google.android.datatransport:transport-runtime:3.1.9] AndroidManifest.xml:29:13-69
92        </service>
93
94        <receiver
94-->[com.google.android.datatransport:transport-runtime:3.1.9] AndroidManifest.xml:32:9-34:40
95            android:name="com.google.android.datatransport.runtime.scheduling.jobscheduling.AlarmManagerSchedulerBroadcastReceiver"
95-->[com.google.android.datatransport:transport-runtime:3.1.9] AndroidManifest.xml:33:13-132
96            android:exported="false" />
96-->[com.google.android.datatransport:transport-runtime:3.1.9] AndroidManifest.xml:34:13-37
97    </application>
98
99</manifest>